0 info it worked if it ends with ok
1 verbose cli [ '/usr/local/bin/node',
1 verbose cli   '/usr/local/bin/npm',
1 verbose cli   'install',
1 verbose cli   '--save',
1 verbose cli   'react',
1 verbose cli   'react-dom',
1 verbose cli   'babelify',
1 verbose cli   'babel-present-react' ]
2 info using npm@2.14.4
3 info using node@v4.1.1
4 verbose config Skipping project config: /Users/brittanybrassell/.npmrc. (matches userconfig)
5 verbose install initial load of /Users/brittanybrassell/package.json
6 verbose installManyTop reading scoped package data from /Users/brittanybrassell/node_modules/angular-materialize/package.json
7 verbose installManyTop reading scoped package data from /Users/brittanybrassell/node_modules/foundation-apps/package.json
8 verbose installManyTop reading scoped package data from /Users/brittanybrassell/node_modules/gulp/package.json
9 verbose installManyTop reading scoped package data from /Users/brittanybrassell/node_modules/nodemon/package.json
10 info package.json foundation-apps@1.2.0 No license field.
11 verbose readDependencies loading dependencies from /Users/brittanybrassell/package.json
12 silly cache add args [ 'react', null ]
13 verbose cache add spec react
14 silly cache add args [ 'react-dom', null ]
15 verbose cache add spec react-dom
16 silly cache add args [ 'babelify', null ]
17 verbose cache add spec babelify
18 silly cache add args [ 'babel-present-react', null ]
19 verbose cache add spec babel-present-react
20 silly cache add parsed spec Result {
20 silly cache add   raw: 'react',
20 silly cache add   scope: null,
20 silly cache add   name: 'react',
20 silly cache add   rawSpec: '',
20 silly cache add   spec: '*',
20 silly cache add   type: 'range' }
21 silly addNamed react@*
22 verbose addNamed "*" is a valid semver range for react
23 silly addNameRange { name: 'react', range: '*', hasData: false }
24 silly mapToRegistry name react
25 silly mapToRegistry using default registry
26 silly mapToRegistry registry https://registry.npmjs.org/
27 silly mapToRegistry uri https://registry.npmjs.org/react
28 verbose addNameRange registry:https://registry.npmjs.org/react not in flight; fetching
29 silly cache add parsed spec Result {
29 silly cache add   raw: 'react-dom',
29 silly cache add   scope: null,
29 silly cache add   name: 'react-dom',
29 silly cache add   rawSpec: '',
29 silly cache add   spec: '*',
29 silly cache add   type: 'range' }
30 silly addNamed react-dom@*
31 verbose addNamed "*" is a valid semver range for react-dom
32 silly addNameRange { name: 'react-dom', range: '*', hasData: false }
33 silly mapToRegistry name react-dom
34 silly mapToRegistry using default registry
35 silly mapToRegistry registry https://registry.npmjs.org/
36 silly mapToRegistry uri https://registry.npmjs.org/react-dom
37 verbose addNameRange registry:https://registry.npmjs.org/react-dom not in flight; fetching
38 silly cache add parsed spec Result {
38 silly cache add   raw: 'babelify',
38 silly cache add   scope: null,
38 silly cache add   name: 'babelify',
38 silly cache add   rawSpec: '',
38 silly cache add   spec: '*',
38 silly cache add   type: 'range' }
39 silly addNamed babelify@*
40 verbose addNamed "*" is a valid semver range for babelify
41 silly addNameRange { name: 'babelify', range: '*', hasData: false }
42 silly mapToRegistry name babelify
43 silly mapToRegistry using default registry
44 silly mapToRegistry registry https://registry.npmjs.org/
45 silly mapToRegistry uri https://registry.npmjs.org/babelify
46 verbose addNameRange registry:https://registry.npmjs.org/babelify not in flight; fetching
47 silly cache add parsed spec Result {
47 silly cache add   raw: 'babel-present-react',
47 silly cache add   scope: null,
47 silly cache add   name: 'babel-present-react',
47 silly cache add   rawSpec: '',
47 silly cache add   spec: '*',
47 silly cache add   type: 'range' }
48 silly addNamed babel-present-react@*
49 verbose addNamed "*" is a valid semver range for babel-present-react
50 silly addNameRange { name: 'babel-present-react', range: '*', hasData: false }
51 silly mapToRegistry name babel-present-react
52 silly mapToRegistry using default registry
53 silly mapToRegistry registry https://registry.npmjs.org/
54 silly mapToRegistry uri https://registry.npmjs.org/babel-present-react
55 verbose addNameRange registry:https://registry.npmjs.org/babel-present-react not in flight; fetching
56 verbose request uri https://registry.npmjs.org/babelify
57 verbose request no auth needed
58 info attempt registry request try #1 at 12:44:59 PM
59 verbose request id af490fc215c3ef38
60 http request GET https://registry.npmjs.org/babelify
61 verbose request uri https://registry.npmjs.org/babel-present-react
62 verbose request no auth needed
63 info attempt registry request try #1 at 12:44:59 PM
64 http request GET https://registry.npmjs.org/babel-present-react
65 verbose request uri https://registry.npmjs.org/react-dom
66 verbose request no auth needed
67 info attempt registry request try #1 at 12:44:59 PM
68 verbose etag "6ZX2W59HQVV3X31XYZ3ZTKSTO"
69 http request GET https://registry.npmjs.org/react-dom
70 verbose request uri https://registry.npmjs.org/react
71 verbose request no auth needed
72 info attempt registry request try #1 at 12:44:59 PM
73 verbose etag "3TFUP7TMI082NE5T3K9V32INP"
74 http request GET https://registry.npmjs.org/react
75 http 404 https://registry.npmjs.org/babel-present-react
76 verbose headers { 'content-type': 'application/json',
76 verbose headers   'cache-control': 'max-age=0',
76 verbose headers   'content-length': '2',
76 verbose headers   'accept-ranges': 'bytes',
76 verbose headers   date: 'Mon, 01 Feb 2016 20:44:59 GMT',
76 verbose headers   via: '1.1 varnish',
76 verbose headers   age: '0',
76 verbose headers   connection: 'keep-alive',
76 verbose headers   'x-served-by': 'cache-sjc3134-SJC',
76 verbose headers   'x-cache': 'MISS',
76 verbose headers   'x-cache-hits': '0',
76 verbose headers   'x-timer': 'S1454359499.920931,VS0,VE40' }
77 silly get cb [ 404,
77 silly get   { 'content-type': 'application/json',
77 silly get     'cache-control': 'max-age=0',
77 silly get     'content-length': '2',
77 silly get     'accept-ranges': 'bytes',
77 silly get     date: 'Mon, 01 Feb 2016 20:44:59 GMT',
77 silly get     via: '1.1 varnish',
77 silly get     age: '0',
77 silly get     connection: 'keep-alive',
77 silly get     'x-served-by': 'cache-sjc3134-SJC',
77 silly get     'x-cache': 'MISS',
77 silly get     'x-cache-hits': '0',
77 silly get     'x-timer': 'S1454359499.920931,VS0,VE40' } ]
78 http 200 https://registry.npmjs.org/react-dom
79 silly get cb [ 200,
79 silly get   { server: 'CouchDB/1.5.0 (Erlang OTP/R16B03)',
79 silly get     etag: '"4OY1O5J8B8MTN98KPZ9MQVADE"',
79 silly get     'content-type': 'application/json',
79 silly get     'cache-control': 'max-age=300',
79 silly get     'content-length': '16816',
79 silly get     'accept-ranges': 'bytes',
79 silly get     date: 'Mon, 01 Feb 2016 20:44:59 GMT',
79 silly get     via: '1.1 varnish',
79 silly get     age: '245',
79 silly get     connection: 'keep-alive',
79 silly get     'x-served-by': 'cache-sjc3120-SJC',
79 silly get     'x-cache': 'HIT',
79 silly get     'x-cache-hits': '4',
79 silly get     'x-timer': 'S1454359499.920781,VS0,VE0',
79 silly get     vary: 'Accept' } ]
80 verbose get saving react-dom to /Users/brittanybrassell/.npm/registry.npmjs.org/react-dom/.cache.json
81 http 200 https://registry.npmjs.org/babelify
82 silly get cb [ 200,
82 silly get   { server: 'CouchDB/1.5.0 (Erlang OTP/R16B03)',
82 silly get     etag: '"602DWRD1J2S56MEG93PNT7AKR"',
82 silly get     'content-type': 'application/json',
82 silly get     'cache-control': 'max-age=300',
82 silly get     'content-length': '28302',
82 silly get     'accept-ranges': 'bytes',
82 silly get     date: 'Mon, 01 Feb 2016 20:44:59 GMT',
82 silly get     via: '1.1 varnish',
82 silly get     age: '117',
82 silly get     connection: 'keep-alive',
82 silly get     'x-served-by': 'cache-sjc3124-SJC',
82 silly get     'x-cache': 'HIT',
82 silly get     'x-cache-hits': '2',
82 silly get     'x-timer': 'S1454359499.920257,VS0,VE0',
82 silly get     vary: 'Accept' } ]
83 verbose get saving babelify to /Users/brittanybrassell/.npm/registry.npmjs.org/babelify/.cache.json
84 silly addNameRange number 2 { name: 'babelify', range: '*', hasData: true }
85 silly addNameRange versions [ 'babelify',
85 silly addNameRange   [ '5.0.1',
85 silly addNameRange     '5.0.2',
85 silly addNameRange     '5.0.3',
85 silly addNameRange     '5.0.4',
85 silly addNameRange     '6.0.0',
85 silly addNameRange     '5.0.5',
85 silly addNameRange     '6.0.1',
85 silly addNameRange     '6.0.2',
85 silly addNameRange     '6.1.0',
85 silly addNameRange     '6.1.1',
85 silly addNameRange     '6.1.2',
85 silly addNameRange     '6.1.3',
85 silly addNameRange     '6.2.0',
85 silly addNameRange     '6.3.0',
85 silly addNameRange     '6.4.0',
85 silly addNameRange     '7.0.0',
85 silly addNameRange     '7.0.1',
85 silly addNameRange     '7.0.2',
85 silly addNameRange     '7.1.0',
85 silly addNameRange     '7.2.0' ] ]
86 silly addNamed babelify@7.2.0
87 verbose addNamed "7.2.0" is a plain semver version for babelify
88 silly mapToRegistry name babelify
89 silly mapToRegistry using default registry
90 silly mapToRegistry registry https://registry.npmjs.org/
91 silly mapToRegistry uri https://registry.npmjs.org/babelify
92 verbose addRemoteTarball https://registry.npmjs.org/babelify/-/babelify-7.2.0.tgz not in flight; adding
93 verbose addRemoteTarball [ 'https://registry.npmjs.org/babelify/-/babelify-7.2.0.tgz',
93 verbose addRemoteTarball   '584249bc5066b61f984b3e745ed855203c9ec73e' ]
94 silly addNameRange number 2 { name: 'react-dom', range: '*', hasData: true }
95 silly addNameRange versions [ 'react-dom',
95 silly addNameRange   [ '0.1.0',
95 silly addNameRange     '0.14.0-beta1',
95 silly addNameRange     '0.14.0-beta2',
95 silly addNameRange     '0.14.0-beta3',
95 silly addNameRange     '0.14.0-rc1',
95 silly addNameRange     '0.14.0',
95 silly addNameRange     '0.14.1',
95 silly addNameRange     '0.14.2',
95 silly addNameRange     '0.14.3',
95 silly addNameRange     '0.14.4',
95 silly addNameRange     '0.14.5',
95 silly addNameRange     '0.14.6',
95 silly addNameRange     '0.15.0-alpha.1',
95 silly addNameRange     '0.14.7' ] ]
96 silly addNamed react-dom@0.14.7
97 verbose addNamed "0.14.7" is a plain semver version for react-dom
98 silly mapToRegistry name react-dom
99 silly mapToRegistry using default registry
100 silly mapToRegistry registry https://registry.npmjs.org/
101 silly mapToRegistry uri https://registry.npmjs.org/react-dom
102 verbose addRemoteTarball https://registry.npmjs.org/react-dom/-/react-dom-0.14.7.tgz not in flight; adding
103 verbose addRemoteTarball [ 'https://registry.npmjs.org/react-dom/-/react-dom-0.14.7.tgz',
103 verbose addRemoteTarball   '973c302110b3a680c9afe69d07c623b9c0952d82' ]
104 info retry fetch attempt 1 at 12:44:59 PM
105 info attempt registry request try #1 at 12:44:59 PM
106 http fetch GET https://registry.npmjs.org/babelify/-/babelify-7.2.0.tgz
107 info retry fetch attempt 1 at 12:44:59 PM
108 info attempt registry request try #1 at 12:44:59 PM
109 http fetch GET https://registry.npmjs.org/react-dom/-/react-dom-0.14.7.tgz
110 http 200 https://registry.npmjs.org/react
111 silly get cb [ 200,
111 silly get   { server: 'CouchDB/1.5.0 (Erlang OTP/R16B03)',
111 silly get     etag: '"830F94939GNFAKSAPY9YEA16Q"',
111 silly get     'content-type': 'application/json',
111 silly get     'cache-control': 'max-age=300',
111 silly get     'content-length': '81032',
111 silly get     'accept-ranges': 'bytes',
111 silly get     date: 'Mon, 01 Feb 2016 20:44:59 GMT',
111 silly get     via: '1.1 varnish',
111 silly get     age: '100',
111 silly get     connection: 'keep-alive',
111 silly get     'x-served-by': 'cache-sjc3133-SJC',
111 silly get     'x-cache': 'HIT',
111 silly get     'x-cache-hits': '3',
111 silly get     'x-timer': 'S1454359499.920530,VS0,VE0',
111 silly get     vary: 'Accept' } ]
112 verbose get saving react to /Users/brittanybrassell/.npm/registry.npmjs.org/react/.cache.json
113 silly addNameRange number 2 { name: 'react', range: '*', hasData: true }
114 silly addNameRange versions [ 'react',
114 silly addNameRange   [ '0.0.1',
114 silly addNameRange     '0.0.2',
114 silly addNameRange     '0.0.3',
114 silly addNameRange     '0.1.2',
114 silly addNameRange     '0.2.0',
114 silly addNameRange     '0.2.1',
114 silly addNameRange     '0.2.2',
114 silly addNameRange     '0.2.3',
114 silly addNameRange     '0.2.4',
114 silly addNameRange     '0.2.5',
114 silly addNameRange     '0.2.6',
114 silly addNameRange     '0.3.0',
114 silly addNameRange     '0.3.4',
114 silly addNameRange     '0.3.5',
114 silly addNameRange     '0.5.0',
114 silly addNameRange     '0.5.1',
114 silly addNameRange     '0.5.2',
114 silly addNameRange     '0.6.0',
114 silly addNameRange     '0.6.1',
114 silly addNameRange     '0.6.2',
114 silly addNameRange     '0.6.3',
114 silly addNameRange     '0.7.0',
114 silly addNameRange     '0.7.1',
114 silly addNameRange     '0.8.0',
114 silly addNameRange     '0.9.0-rc1',
114 silly addNameRange     '0.9.0',
114 silly addNameRange     '0.10.0-rc1',
114 silly addNameRange     '0.10.0',
114 silly addNameRange     '0.11.0-rc1',
114 silly addNameRange     '0.11.0',
114 silly addNameRange     '0.11.1',
114 silly addNameRange     '0.11.2',
114 silly addNameRange     '0.12.0-rc1',
114 silly addNameRange     '0.12.0',
114 silly addNameRange     '0.12.1',
114 silly addNameRange     '0.12.2',
114 silly addNameRange     '0.13.0-alpha.1',
114 silly addNameRange     '0.13.0-alpha.2',
114 silly addNameRange     '0.13.0-beta.1',
114 silly addNameRange     '0.13.0-beta.2',
114 silly addNameRange     '0.13.0-rc1',
114 silly addNameRange     '0.13.0-rc2',
114 silly addNameRange     '0.13.0',
114 silly addNameRange     '0.13.1',
114 silly addNameRange     '0.13.2',
114 silly addNameRange     '0.13.3',
114 silly addNameRange     '0.14.0-alpha1',
114 silly addNameRange     '0.14.0-alpha2',
114 silly addNameRange     '0.14.0-alpha3',
114 silly addNameRange     '0.14.0-beta1',
114 silly addNameRange     '0.14.0-beta2',
114 silly addNameRange     '0.14.0-beta3',
114 silly addNameRange     '0.14.0-rc1',
114 silly addNameRange     '0.14.0',
114 silly addNameRange     '0.14.1',
114 silly addNameRange     '0.14.2',
114 silly addNameRange     '0.14.3',
114 silly addNameRange     '0.14.4',
114 silly addNameRange     '0.14.5',
114 silly addNameRange     '0.14.6',
114 silly addNameRange     '0.15.0-alpha.1',
114 silly addNameRange     '0.14.7' ] ]
115 silly addNamed react@0.14.7
116 verbose addNamed "0.14.7" is a plain semver version for react
117 silly mapToRegistry name react
118 silly mapToRegistry using default registry
119 silly mapToRegistry registry https://registry.npmjs.org/
120 silly mapToRegistry uri https://registry.npmjs.org/react
121 verbose addRemoteTarball https://registry.npmjs.org/react/-/react-0.14.7.tgz not in flight; adding
122 verbose addRemoteTarball [ 'https://registry.npmjs.org/react/-/react-0.14.7.tgz',
122 verbose addRemoteTarball   '76c4e5cfa204caa5aaf42b13008f0d3f6d58a133' ]
123 info retry fetch attempt 1 at 12:44:59 PM
124 info attempt registry request try #1 at 12:44:59 PM
125 http fetch GET https://registry.npmjs.org/react/-/react-0.14.7.tgz
126 http fetch 200 https://registry.npmjs.org/babelify/-/babelify-7.2.0.tgz
127 silly fetchAndShaCheck shasum 584249bc5066b61f984b3e745ed855203c9ec73e
128 http fetch 200 https://registry.npmjs.org/react-dom/-/react-dom-0.14.7.tgz
129 verbose addTmpTarball /var/folders/1m/3ds34lp11qnb_53jkxc9n0740000gn/T/npm-6131-2a877e47/registry.npmjs.org/babelify/-/babelify-7.2.0.tgz not in flight; adding
130 verbose addTmpTarball already have metadata; skipping unpack for babelify@7.2.0
131 silly fetchAndShaCheck shasum 973c302110b3a680c9afe69d07c623b9c0952d82
132 verbose addTmpTarball /var/folders/1m/3ds34lp11qnb_53jkxc9n0740000gn/T/npm-6131-2a877e47/registry.npmjs.org/react-dom/-/react-dom-0.14.7.tgz not in flight; adding
133 verbose addTmpTarball already have metadata; skipping unpack for react-dom@0.14.7
134 silly cache afterAdd react-dom@0.14.7
135 verbose afterAdd /Users/brittanybrassell/.npm/react-dom/0.14.7/package/package.json not in flight; writing
136 silly cache afterAdd babelify@7.2.0
137 verbose afterAdd /Users/brittanybrassell/.npm/babelify/7.2.0/package/package.json not in flight; writing
138 verbose afterAdd /Users/brittanybrassell/.npm/react-dom/0.14.7/package/package.json written
139 verbose afterAdd /Users/brittanybrassell/.npm/babelify/7.2.0/package/package.json written
140 http fetch 200 https://registry.npmjs.org/react/-/react-0.14.7.tgz
141 silly fetchAndShaCheck shasum 76c4e5cfa204caa5aaf42b13008f0d3f6d58a133
142 verbose addTmpTarball /var/folders/1m/3ds34lp11qnb_53jkxc9n0740000gn/T/npm-6131-2a877e47/registry.npmjs.org/react/-/react-0.14.7.tgz not in flight; adding
143 verbose addTmpTarball already have metadata; skipping unpack for react@0.14.7
144 silly cache afterAdd react@0.14.7
145 verbose afterAdd /Users/brittanybrassell/.npm/react/0.14.7/package/package.json not in flight; writing
146 verbose afterAdd /Users/brittanybrassell/.npm/react/0.14.7/package/package.json written
147 verbose stack Error: Registry returned 404 for GET on https://registry.npmjs.org/babel-present-react
147 verbose stack     at makeError (/usr/local/lib/node_modules/npm/node_modules/npm-registry-client/lib/request.js:263:12)
147 verbose stack     at CachingRegistryClient.<anonymous> (/usr/local/lib/node_modules/npm/node_modules/npm-registry-client/lib/request.js:241:14)
147 verbose stack     at Request._callback (/usr/local/lib/node_modules/npm/node_modules/npm-registry-client/lib/request.js:171:14)
147 verbose stack     at Request.self.callback (/usr/local/lib/node_modules/npm/node_modules/request/request.js:198:22)
147 verbose stack     at emitTwo (events.js:87:13)
147 verbose stack     at Request.emit (events.js:172:7)
147 verbose stack     at Request.<anonymous> (/usr/local/lib/node_modules/npm/node_modules/request/request.js:1073:14)
147 verbose stack     at emitOne (events.js:82:20)
147 verbose stack     at Request.emit (events.js:169:7)
147 verbose stack     at IncomingMessage.<anonymous> (/usr/local/lib/node_modules/npm/node_modules/request/request.js:1019:12)
148 verbose statusCode 404
149 verbose pkgid babel-present-react
150 verbose cwd /Users/brittanybrassell/repos/placed
151 error Darwin 14.5.0
152 error argv "/usr/local/bin/node" "/usr/local/bin/npm" "install" "--save" "react" "react-dom" "babelify" "babel-present-react"
153 error node v4.1.1
154 error npm  v2.14.4
155 error code E404
156 error 404 Registry returned 404 for GET on https://registry.npmjs.org/babel-present-react
156 error 404
156 error 404 'babel-present-react' is not in the npm registry.
156 error 404 You should bug the author to publish it (or use the name yourself!)
156 error 404
156 error 404 Note that you can also install from a
156 error 404 tarball, folder, http url, or git url.
157 verbose exit [ 1, true ]
